Build started 2015-07-01 13:37:42.
     1>Project "G:\S3\ProgAvancée2\TP1\TP1\TP1.vcxproj" on node 2 (Build target(s)).
     1>ClCompile:
         C:\Program Files (x86)\Microsoft Visual Studio 12.0\VC\bin\CL.exe /c /ZI /nologo /W3 /WX- /Od /Oy- /D WIN32 /D _DEBUG /D _WINDOWS /D _MBCS /Gm /EHsc /RTC1 /MDd /GS /fp:precise /Zc:wchar_t /Zc:forScope /Fo"Debug\\" /Fd"Debug\vc120.pdb" /Gd /TP /analyze- /errorReport:prompt Main.cpp Peggle.cpp
         Peggle.cpp
         c:\program files (x86)\microsoft directx sdk (june 2010)\include\dinput.h: DIRECTINPUT_VERSION undefined. Defaulting to version 0x0800
     1>g:\s3\progavancée2\engine\src\core\sprite.h(26): warning C4244: 'argument' : conversion from 'LONG' to 'FLOAT', possible loss of data
     1>g:\s3\progavancée2\engine\src\core\sprite.h(27): warning C4244: 'argument' : conversion from 'LONG' to 'FLOAT', possible loss of data
     1>g:\s3\progavancée2\tp1\tp1\peggle.cpp(78): error C2059: syntax error : '<'
     1>g:\s3\progavancée2\tp1\tp1\peggle.cpp(79): error C2143: syntax error : missing ';' before '{'
     1>g:\s3\progavancée2\tp1\tp1\peggle.cpp(81): error C2065: 'c' : undeclared identifier
     1>g:\s3\progavancée2\tp1\tp1\peggle.cpp(81): error C2143: syntax error : missing ';' before '}'
     1>g:\s3\progavancée2\tp1\tp1\peggle.cpp(82): error C2181: illegal else without matching if
     1>g:\s3\progavancée2\tp1\tp1\peggle.cpp(84): error C2065: 'i' : undeclared identifier
     1>g:\s3\progavancée2\tp1\tp1\peggle.cpp(85): error C2065: 'i' : undeclared identifier
     1>g:\s3\progavancée2\tp1\tp1\peggle.cpp(85): error C2227: left of '->SetPosition' must point to class/struct/union/generic type
         Generating Code...
         Compiling...
         Main.cpp
         c:\program files (x86)\microsoft directx sdk (june 2010)\include\dinput.h: DIRECTINPUT_VERSION undefined. Defaulting to version 0x0800
     1>g:\s3\progavancée2\engine\src\core\sprite.h(26): warning C4244: 'argument' : conversion from 'LONG' to 'FLOAT', possible loss of data
     1>g:\s3\progavancée2\engine\src\core\sprite.h(27): warning C4244: 'argument' : conversion from 'LONG' to 'FLOAT', possible loss of data
         Generating Code...
     1>Done Building Project "G:\S3\ProgAvancée2\TP1\TP1\TP1.vcxproj" (Build target(s)) -- FAILED.

Build FAILED.

Time Elapsed 00:00:01.87
